<?xml version="1.0" encoding="UTF-8"?>
<testng-results ignored="0" total="1" passed="1" failed="0" skipped="0">
  <reporter-output>
    <line>
      <![CDATA[tc3 running]]>
    </line>
  </reporter-output>
  <suite started-at="2023-01-06T10:39:49 IST" name="Default suite" finished-at="2023-01-06T10:39:50 IST" duration-ms="1422">
    <groups>
    </groups>
    <test started-at="2023-01-06T10:39:49 IST" name="Default test" finished-at="2023-01-06T10:39:50 IST" duration-ms="1422">
      <class name="demo.Tc3Test">
        <test-method signature="m3()[pri:0, instance:demo.Tc3Test@2053d869]" started-at="2023-01-06T10:39:50 IST" name="m3" finished-at="2023-01-06T10:39:50 IST" duration-ms="27" status="PASS">
          <reporter-output>
            <line>
              <![CDATA[tc3 running]]>
            </line>
          </reporter-output>
        </test-method> <!-- m3 -->
      </class> <!-- demo.Tc3Test -->
    </test> <!-- Default test -->
  </suite> <!-- Default suite -->
</testng-results>
